

================================================================
== Vitis HLS Report for 'gemm_kernel'
================================================================
* Date:           Wed Dec 25 10:46:31 2024

* Version:        2024.2 (Build 5238294 on Nov  8 2024)
* Project:        gemm_vitis
* Solution:       hls (Vivado IP Flow Target)
* Product family: zynq
* Target device:  xc7z020-clg400-1


================================================================
== Performance Estimates
================================================================
+ Timing: 
    * Summary: 
    +--------+----------+----------+------------+
    |  Clock |  Target  | Estimated| Uncertainty|
    +--------+----------+----------+------------+
    |ap_clk  |  10.00 ns|  7.300 ns|     2.70 ns|
    +--------+----------+----------+------------+

+ Latency: 
    * Summary: 
    +----------+----------+-----------+-----------+----------+----------+-------------------------------------------------+
    |   Latency (cycles)  |   Latency (absolute)  |       Interval      |                     Pipeline                    |
    |    min   |    max   |    min    |    max    |    min   |    max   |                       Type                      |
    +----------+----------+-----------+-----------+----------+----------+-------------------------------------------------+
    |  12582933|  12582933|  0.126 sec|  0.126 sec|  12582935|  12582935|  loop auto-rewind stp (delay=23 clock cycles(s))|
    +----------+----------+-----------+-----------+----------+----------+-------------------------------------------------+

    + Detail: 
        * Instance: 
        N/A

        * Loop: 
        +----------------------------------------------+----------+----------+----------+-----------+-----------+---------+----------+
        |                                              |   Latency (cycles)  | Iteration|  Initiation Interval  |   Trip  |          |
        |                   Loop Name                  |    min   |    max   |  Latency |  achieved |   target  |  Count  | Pipelined|
        +----------------------------------------------+----------+----------+----------+-----------+-----------+---------+----------+
        |- compute_outer_compute_middle_compute_inner  |  12582931|  12582931|        26|          6|          1|  2097152|       yes|
        +----------------------------------------------+----------+----------+----------+-----------+-----------+---------+----------+



================================================================
== Utilization Estimates
================================================================
* Summary: 
+-----------------+---------+-----+--------+-------+-----+
|       Name      | BRAM_18K| DSP |   FF   |  LUT  | URAM|
+-----------------+---------+-----+--------+-------+-----+
|DSP              |        -|    -|       -|      -|    -|
|Expression       |        -|    -|       0|    493|    -|
|FIFO             |        -|    -|       -|      -|    -|
|Instance         |        6|    5|    2631|   3135|    -|
|Memory           |        -|    -|       -|      -|    -|
|Multiplexer      |        -|    -|       0|    343|    -|
|Register         |        -|    -|     887|    160|    -|
+-----------------+---------+-----+--------+-------+-----+
|Total            |        6|    5|    3518|   4131|    0|
+-----------------+---------+-----+--------+-------+-----+
|Available        |      280|  220|  106400|  53200|    0|
+-----------------+---------+-----+--------+-------+-----+
|Utilization (%)  |        2|    2|       3|      7|    0|
+-----------------+---------+-----+--------+-------+-----+

+ Detail: 
    * Instance: 
    +-----------------------------------+--------------------------------+---------+----+-----+-----+-----+
    |              Instance             |             Module             | BRAM_18K| DSP|  FF | LUT | URAM|
    +-----------------------------------+--------------------------------+---------+----+-----+-----+-----+
    |control_r_s_axi_U                  |control_r_s_axi                 |        0|   0|  240|  424|    0|
    |control_s_axi_U                    |control_s_axi                   |        0|   0|   36|   40|    0|
    |fadd_32ns_32ns_32_5_full_dsp_1_U1  |fadd_32ns_32ns_32_5_full_dsp_1  |        0|   2|  205|  390|    0|
    |fmul_32ns_32ns_32_4_max_dsp_1_U2   |fmul_32ns_32ns_32_4_max_dsp_1   |        0|   3|  143|  321|    0|
    |gmem0_m_axi_U                      |gmem0_m_axi                     |        2|   0|  671|  657|    0|
    |gmem1_m_axi_U                      |gmem1_m_axi                     |        2|   0|  671|  657|    0|
    |gmem2_m_axi_U                      |gmem2_m_axi                     |        2|   0|  665|  646|    0|
    +-----------------------------------+--------------------------------+---------+----+-----+-----+-----+
    |Total                              |                                |        6|   5| 2631| 3135|    0|
    +-----------------------------------+--------------------------------+---------+----+-----+-----+-----+

    * DSP: 
    N/A

    * Memory: 
    N/A

    * FIFO: 
    N/A

    * Expression: 
    +----------------------------------------+----------+----+---+----+------------+------------+
    |              Variable Name             | Operation| DSP| FF| LUT| Bitwidth P0| Bitwidth P1|
    +----------------------------------------+----------+----+---+----+------------+------------+
    |add_ln16_1_fu_409_p2                    |         +|   0|  0|  28|          21|           1|
    |add_ln16_fu_418_p2                      |         +|   0|  0|  15|           8|           1|
    |add_ln17_1_fu_333_p2                    |         +|   0|  0|  15|           8|           1|
    |add_ln17_2_fu_529_p2                    |         +|   0|  0|  23|          16|           1|
    |add_ln17_fu_383_p2                      |         +|   0|  0|  71|          64|          64|
    |add_ln20_1_fu_480_p2                    |         +|   0|  0|  64|          64|          64|
    |add_ln20_fu_475_p2                      |         +|   0|  0|  64|          64|          64|
    |k_fu_506_p2                             |         +|   0|  0|  15|           8|           1|
    |and_ln16_fu_319_p2                      |       and|   0|  0|   2|           1|           1|
    |ap_block_pp0_stage1_11001_grp1          |       and|   0|  0|   2|           1|           1|
    |ap_block_pp0_stage2_11001_grp2          |       and|   0|  0|   2|           1|           1|
    |ap_block_pp0_stage2_11001_grp6          |       and|   0|  0|   2|           1|           1|
    |ap_block_pp0_stage3_11001               |       and|   0|  0|   2|           1|           1|
    |ap_block_pp0_stage4_11001               |       and|   0|  0|   2|           1|           1|
    |ap_block_state20_io_grp5                |       and|   0|  0|   2|           1|           1|
    |ap_block_state21_io_grp6                |       and|   0|  0|   2|           1|           1|
    |ap_block_state26_pp0_stage1_iter4_grp5  |       and|   0|  0|   2|           1|           1|
    |ap_block_state2_io_grp1                 |       and|   0|  0|   2|           1|           1|
    |ap_condition_1171                       |       and|   0|  0|   2|           1|           1|
    |ap_condition_1176                       |       and|   0|  0|   2|           1|           1|
    |ap_condition_844                        |       and|   0|  0|   2|           1|           1|
    |first_iter_0_fu_361_p2                  |      icmp|   0|  0|  15|           8|           1|
    |icmp_ln16_fu_424_p2                     |      icmp|   0|  0|  28|          21|           2|
    |icmp_ln17_fu_543_p2                     |      icmp|   0|  0|  23|          16|          15|
    |icmp_ln19_fu_511_p2                     |      icmp|   0|  0|  14|           8|           9|
    |ap_block_pp0_stage1_11001               |        or|   0|  0|   2|           1|           1|
    |ap_block_pp0_stage1_11001_grp5          |        or|   0|  0|   2|           1|           1|
    |ap_block_pp0_stage2_11001               |        or|   0|  0|   2|           1|           1|
    |empty_21_fu_339_p2                      |        or|   0|  0|   2|           1|           1|
    |i_fu_325_p3                             |    select|   0|  0|   8|           1|           8|
    |j_fu_353_p3                             |    select|   0|  0|   8|           1|           8|
    |k_mid2_fu_345_p3                        |    select|   0|  0|   8|           1|           1|
    |select_ln16_fu_305_p3                   |    select|   0|  0|   8|           1|           1|
    |select_ln17_1_fu_535_p3                 |    select|   0|  0|  16|           1|           1|
    |sum_mid225_fu_565_p3                    |    select|   0|  0|  32|           1|           1|
    |ap_enable_pp0                           |       xor|   0|  0|   2|           1|           2|
    |xor_ln16_fu_313_p2                      |       xor|   0|  0|   2|           1|           2|
    +----------------------------------------+----------+----+---+----+------------+------------+
    |Total                                   |          |   0|  0| 493|         331|         265|
    +----------------------------------------+----------+----+---+----+------------+------------+

    * Multiplexer: 
    +--------------------------------------------------+----+-----------+-----+-----------+
    |                       Name                       | LUT| Input Size| Bits| Total Bits|
    +--------------------------------------------------+----+-----------+-----+-----------+
    |add_ln1624_fu_152                                 |   9|          2|    8|         16|
    |ap_NS_fsm                                         |  37|          7|    1|          7|
    |ap_condition_exit_pp0_iter0_stage5_pp0_iter1_reg  |   9|          2|    1|          2|
    |ap_condition_exit_pp0_iter0_stage5_pp0_iter2_reg  |   9|          2|    1|          2|
    |ap_condition_exit_pp0_iter0_stage5_pp0_iter3_reg  |   9|          2|    1|          2|
    |ap_done_int                                       |   9|          2|    1|          2|
    |ap_enable_reg_pp0_iter0                           |   9|          2|    1|          2|
    |ap_enable_reg_pp0_iter4                           |   9|          2|    1|          2|
    |ap_loop_exit_ready_pp0_iter1_reg                  |   9|          2|    1|          2|
    |ap_loop_exit_ready_pp0_iter2_reg                  |   9|          2|    1|          2|
    |ap_loop_exit_ready_pp0_iter3_reg                  |   9|          2|    1|          2|
    |ap_loop_exit_ready_pp0_iter4_reg                  |   9|          2|    1|          2|
    |ap_phi_mux_icmp_ln1723_phi_fu_229_p4              |   9|          2|    1|          2|
    |ap_phi_mux_icmp_ln1922_phi_fu_240_p4              |   9|          2|    1|          2|
    |ap_sig_allocacmp_add_ln1624_load                  |   9|          2|    8|         16|
    |ap_sig_allocacmp_i17_load                         |   9|          2|    8|         16|
    |ap_sig_allocacmp_indvar_flatten1316_load          |   9|          2|   21|         42|
    |ap_sig_allocacmp_indvar_flatten1316_load_1        |   9|          2|   21|         42|
    |ap_sig_allocacmp_j19_load                         |   9|          2|    8|         16|
    |ap_sig_allocacmp_k20_load                         |   9|          2|    8|         16|
    |ap_sig_allocacmp_sum21_load                       |   9|          2|   32|         64|
    |gmem0_blk_n_AR                                    |   9|          2|    1|          2|
    |gmem0_blk_n_R                                     |   9|          2|    1|          2|
    |gmem1_blk_n_AR                                    |   9|          2|    1|          2|
    |gmem1_blk_n_R                                     |   9|          2|    1|          2|
    |gmem2_blk_n_AW                                    |   9|          2|    1|          2|
    |gmem2_blk_n_B                                     |   9|          2|    1|          2|
    |gmem2_blk_n_W                                     |   9|          2|    1|          2|
    |i17_fu_132                                        |   9|          2|    8|         16|
    |icmp_ln1723_reg_226                               |   9|          2|    1|          2|
    |indvar_flatten1316_fu_128                         |   9|          2|   21|         42|
    |indvar_flatten18_fu_136                           |   9|          2|   16|         32|
    |j19_fu_140                                        |   9|          2|    8|         16|
    |k20_fu_144                                        |   9|          2|    8|         16|
    |sum21_fu_148                                      |   9|          2|   32|         64|
    +--------------------------------------------------+----+-----------+-----+-----------+
    |Total                                             | 343|         75|  228|        461|
    +--------------------------------------------------+----+-----------+-----+-----------+

    * Register: 
    +--------------------------------------------------+----+----+-----+-----------+
    |                       Name                       | FF | LUT| Bits| Const Bits|
    +--------------------------------------------------+----+----+-----+-----------+
    |B_read_reg_655                                    |  64|   0|   64|          0|
    |C_read_reg_650                                    |  64|   0|   64|          0|
    |add_ln1624_fu_152                                 |   8|   0|    8|          0|
    |ap_CS_fsm                                         |   6|   0|    6|          0|
    |ap_block_pp0_stage1_subdone_grp0_done_reg         |   1|   0|    1|          0|
    |ap_block_pp0_stage1_subdone_grp1_done_reg         |   1|   0|    1|          0|
    |ap_block_pp0_stage1_subdone_grp5_done_reg         |   1|   0|    1|          0|
    |ap_block_pp0_stage2_subdone_grp0_done_reg         |   1|   0|    1|          0|
    |ap_block_pp0_stage2_subdone_grp2_done_reg         |   1|   0|    1|          0|
    |ap_block_pp0_stage2_subdone_grp6_done_reg         |   1|   0|    1|          0|
    |ap_block_pp0_stage3_subdone_grp0_done_reg         |   1|   0|    1|          0|
    |ap_block_pp0_stage4_subdone_grp0_done_reg         |   1|   0|    1|          0|
    |ap_condition_exit_pp0_iter0_stage5_pp0_iter1_reg  |   1|   0|    1|          0|
    |ap_condition_exit_pp0_iter0_stage5_pp0_iter2_reg  |   1|   0|    1|          0|
    |ap_condition_exit_pp0_iter0_stage5_pp0_iter3_reg  |   1|   0|    1|          0|
    |ap_done_reg                                       |   1|   0|    1|          0|
    |ap_enable_reg_pp0_iter0_reg                       |   1|   0|    1|          0|
    |ap_enable_reg_pp0_iter1                           |   1|   0|    1|          0|
    |ap_enable_reg_pp0_iter2                           |   1|   0|    1|          0|
    |ap_enable_reg_pp0_iter3                           |   1|   0|    1|          0|
    |ap_enable_reg_pp0_iter4                           |   1|   0|    1|          0|
    |ap_loop_exit_ready_pp0_iter1_reg                  |   1|   0|    1|          0|
    |ap_loop_exit_ready_pp0_iter2_reg                  |   1|   0|    1|          0|
    |ap_loop_exit_ready_pp0_iter3_reg                  |   1|   0|    1|          0|
    |ap_loop_exit_ready_pp0_iter4_reg                  |   1|   0|    1|          0|
    |empty_21_reg_660                                  |   1|   0|    1|          0|
    |first_iter_026_reg_214                            |   1|   0|    1|          0|
    |first_iter_0_reg_677                              |   1|   0|    1|          0|
    |gmem0_addr_read_reg_707                           |  32|   0|   32|          0|
    |gmem0_addr_reg_681                                |  64|   0|   64|          0|
    |gmem1_addr_read_reg_712                           |  32|   0|   32|          0|
    |gmem1_addr_reg_691                                |  64|   0|   64|          0|
    |i17_fu_132                                        |   8|   0|    8|          0|
    |icmp_ln16_reg_687                                 |   1|   0|    1|          0|
    |icmp_ln1723_reg_226                               |   1|   0|    1|          0|
    |icmp_ln17_reg_702                                 |   1|   0|    1|          0|
    |icmp_ln19_reg_697                                 |   1|   0|    1|          0|
    |indvar_flatten1316_fu_128                         |  21|   0|   21|          0|
    |indvar_flatten18_fu_136                           |  16|   0|   16|          0|
    |j19_fu_140                                        |   8|   0|    8|          0|
    |j_reg_671                                         |   8|   0|    8|          0|
    |k20_fu_144                                        |   8|   0|    8|          0|
    |k_mid2_reg_665                                    |   8|   0|    8|          0|
    |mul_reg_727                                       |  32|   0|   32|          0|
    |sum21_fu_148                                      |  32|   0|   32|          0|
    |sum_mid225_reg_732                                |  32|   0|   32|          0|
    |sum_reg_743                                       |  32|   0|   32|          0|
    |C_read_reg_650                                    |  64|  32|   64|          0|
    |empty_21_reg_660                                  |  64|  32|    1|          0|
    |first_iter_026_reg_214                            |  64|  32|    1|          0|
    |icmp_ln16_reg_687                                 |  64|  32|    1|          0|
    |icmp_ln19_reg_697                                 |  64|  32|    1|          0|
    +--------------------------------------------------+----+----+-----+-----------+
    |Total                                             | 887| 160|  635|          0|
    +--------------------------------------------------+----+----+-----+-----------+



================================================================
== Interface
================================================================
* Summary: 
+-------------------------+-----+-----+------------+--------------+--------------+
|        RTL Ports        | Dir | Bits|  Protocol  | Source Object|    C Type    |
+-------------------------+-----+-----+------------+--------------+--------------+
|s_axi_control_AWVALID    |   in|    1|       s_axi|       control|   return void|
|s_axi_control_AWREADY    |  out|    1|       s_axi|       control|   return void|
|s_axi_control_AWADDR     |   in|    4|       s_axi|       control|   return void|
|s_axi_control_WVALID     |   in|    1|       s_axi|       control|   return void|
|s_axi_control_WREADY     |  out|    1|       s_axi|       control|   return void|
|s_axi_control_WDATA      |   in|   32|       s_axi|       control|   return void|
|s_axi_control_WSTRB      |   in|    4|       s_axi|       control|   return void|
|s_axi_control_ARVALID    |   in|    1|       s_axi|       control|   return void|
|s_axi_control_ARREADY    |  out|    1|       s_axi|       control|   return void|
|s_axi_control_ARADDR     |   in|    4|       s_axi|       control|   return void|
|s_axi_control_RVALID     |  out|    1|       s_axi|       control|   return void|
|s_axi_control_RREADY     |   in|    1|       s_axi|       control|   return void|
|s_axi_control_RDATA      |  out|   32|       s_axi|       control|   return void|
|s_axi_control_RRESP      |  out|    2|       s_axi|       control|   return void|
|s_axi_control_BVALID     |  out|    1|       s_axi|       control|   return void|
|s_axi_control_BREADY     |   in|    1|       s_axi|       control|   return void|
|s_axi_control_BRESP      |  out|    2|       s_axi|       control|   return void|
|s_axi_control_r_AWVALID  |   in|    1|       s_axi|     control_r|        scalar|
|s_axi_control_r_AWREADY  |  out|    1|       s_axi|     control_r|        scalar|
|s_axi_control_r_AWADDR   |   in|    6|       s_axi|     control_r|        scalar|
|s_axi_control_r_WVALID   |   in|    1|       s_axi|     control_r|        scalar|
|s_axi_control_r_WREADY   |  out|    1|       s_axi|     control_r|        scalar|
|s_axi_control_r_WDATA    |   in|   32|       s_axi|     control_r|        scalar|
|s_axi_control_r_WSTRB    |   in|    4|       s_axi|     control_r|        scalar|
|s_axi_control_r_ARVALID  |   in|    1|       s_axi|     control_r|        scalar|
|s_axi_control_r_ARREADY  |  out|    1|       s_axi|     control_r|        scalar|
|s_axi_control_r_ARADDR   |   in|    6|       s_axi|     control_r|        scalar|
|s_axi_control_r_RVALID   |  out|    1|       s_axi|     control_r|        scalar|
|s_axi_control_r_RREADY   |   in|    1|       s_axi|     control_r|        scalar|
|s_axi_control_r_RDATA    |  out|   32|       s_axi|     control_r|        scalar|
|s_axi_control_r_RRESP    |  out|    2|       s_axi|     control_r|        scalar|
|s_axi_control_r_BVALID   |  out|    1|       s_axi|     control_r|        scalar|
|s_axi_control_r_BREADY   |   in|    1|       s_axi|     control_r|        scalar|
|s_axi_control_r_BRESP    |  out|    2|       s_axi|     control_r|        scalar|
|ap_clk                   |   in|    1|  ap_ctrl_hs|   gemm_kernel|  return value|
|ap_rst_n                 |   in|    1|  ap_ctrl_hs|   gemm_kernel|  return value|
|interrupt                |  out|    1|  ap_ctrl_hs|   gemm_kernel|  return value|
|m_axi_gmem0_AWVALID      |  out|    1|       m_axi|         gmem0|       pointer|
|m_axi_gmem0_AWREADY      |   in|    1|       m_axi|         gmem0|       pointer|
|m_axi_gmem0_AWADDR       |  out|   64|       m_axi|         gmem0|       pointer|
|m_axi_gmem0_AWID         |  out|    1|       m_axi|         gmem0|       pointer|
|m_axi_gmem0_AWLEN        |  out|    8|       m_axi|         gmem0|       pointer|
|m_axi_gmem0_AWSIZE       |  out|    3|       m_axi|         gmem0|       pointer|
|m_axi_gmem0_AWBURST      |  out|    2|       m_axi|         gmem0|       pointer|
|m_axi_gmem0_AWLOCK       |  out|    2|       m_axi|         gmem0|       pointer|
|m_axi_gmem0_AWCACHE      |  out|    4|       m_axi|         gmem0|       pointer|
|m_axi_gmem0_AWPROT       |  out|    3|       m_axi|         gmem0|       pointer|
|m_axi_gmem0_AWQOS        |  out|    4|       m_axi|         gmem0|       pointer|
|m_axi_gmem0_AWREGION     |  out|    4|       m_axi|         gmem0|       pointer|
|m_axi_gmem0_AWUSER       |  out|    1|       m_axi|         gmem0|       pointer|
|m_axi_gmem0_WVALID       |  out|    1|       m_axi|         gmem0|       pointer|
|m_axi_gmem0_WREADY       |   in|    1|       m_axi|         gmem0|       pointer|
|m_axi_gmem0_WDATA        |  out|   32|       m_axi|         gmem0|       pointer|
|m_axi_gmem0_WSTRB        |  out|    4|       m_axi|         gmem0|       pointer|
|m_axi_gmem0_WLAST        |  out|    1|       m_axi|         gmem0|       pointer|
|m_axi_gmem0_WID          |  out|    1|       m_axi|         gmem0|       pointer|
|m_axi_gmem0_WUSER        |  out|    1|       m_axi|         gmem0|       pointer|
|m_axi_gmem0_ARVALID      |  out|    1|       m_axi|         gmem0|       pointer|
|m_axi_gmem0_ARREADY      |   in|    1|       m_axi|         gmem0|       pointer|
|m_axi_gmem0_ARADDR       |  out|   64|       m_axi|         gmem0|       pointer|
|m_axi_gmem0_ARID         |  out|    1|       m_axi|         gmem0|       pointer|
|m_axi_gmem0_ARLEN        |  out|    8|       m_axi|         gmem0|       pointer|
|m_axi_gmem0_ARSIZE       |  out|    3|       m_axi|         gmem0|       pointer|
|m_axi_gmem0_ARBURST      |  out|    2|       m_axi|         gmem0|       pointer|
|m_axi_gmem0_ARLOCK       |  out|    2|       m_axi|         gmem0|       pointer|
|m_axi_gmem0_ARCACHE      |  out|    4|       m_axi|         gmem0|       pointer|
|m_axi_gmem0_ARPROT       |  out|    3|       m_axi|         gmem0|       pointer|
|m_axi_gmem0_ARQOS        |  out|    4|       m_axi|         gmem0|       pointer|
|m_axi_gmem0_ARREGION     |  out|    4|       m_axi|         gmem0|       pointer|
|m_axi_gmem0_ARUSER       |  out|    1|       m_axi|         gmem0|       pointer|
|m_axi_gmem0_RVALID       |   in|    1|       m_axi|         gmem0|       pointer|
|m_axi_gmem0_RREADY       |  out|    1|       m_axi|         gmem0|       pointer|
|m_axi_gmem0_RDATA        |   in|   32|       m_axi|         gmem0|       pointer|
|m_axi_gmem0_RLAST        |   in|    1|       m_axi|         gmem0|       pointer|
|m_axi_gmem0_RID          |   in|    1|       m_axi|         gmem0|       pointer|
|m_axi_gmem0_RUSER        |   in|    1|       m_axi|         gmem0|       pointer|
|m_axi_gmem0_RRESP        |   in|    2|       m_axi|         gmem0|       pointer|
|m_axi_gmem0_BVALID       |   in|    1|       m_axi|         gmem0|       pointer|
|m_axi_gmem0_BREADY       |  out|    1|       m_axi|         gmem0|       pointer|
|m_axi_gmem0_BRESP        |   in|    2|       m_axi|         gmem0|       pointer|
|m_axi_gmem0_BID          |   in|    1|       m_axi|         gmem0|       pointer|
|m_axi_gmem0_BUSER        |   in|    1|       m_axi|         gmem0|       pointer|
|m_axi_gmem1_AWVALID      |  out|    1|       m_axi|         gmem1|       pointer|
|m_axi_gmem1_AWREADY      |   in|    1|       m_axi|         gmem1|       pointer|
|m_axi_gmem1_AWADDR       |  out|   64|       m_axi|         gmem1|       pointer|
|m_axi_gmem1_AWID         |  out|    1|       m_axi|         gmem1|       pointer|
|m_axi_gmem1_AWLEN        |  out|    8|       m_axi|         gmem1|       pointer|
|m_axi_gmem1_AWSIZE       |  out|    3|       m_axi|         gmem1|       pointer|
|m_axi_gmem1_AWBURST      |  out|    2|       m_axi|         gmem1|       pointer|
|m_axi_gmem1_AWLOCK       |  out|    2|       m_axi|         gmem1|       pointer|
|m_axi_gmem1_AWCACHE      |  out|    4|       m_axi|         gmem1|       pointer|
|m_axi_gmem1_AWPROT       |  out|    3|       m_axi|         gmem1|       pointer|
|m_axi_gmem1_AWQOS        |  out|    4|       m_axi|         gmem1|       pointer|
|m_axi_gmem1_AWREGION     |  out|    4|       m_axi|         gmem1|       pointer|
|m_axi_gmem1_AWUSER       |  out|    1|       m_axi|         gmem1|       pointer|
|m_axi_gmem1_WVALID       |  out|    1|       m_axi|         gmem1|       pointer|
|m_axi_gmem1_WREADY       |   in|    1|       m_axi|         gmem1|       pointer|
|m_axi_gmem1_WDATA        |  out|   32|       m_axi|         gmem1|       pointer|
|m_axi_gmem1_WSTRB        |  out|    4|       m_axi|         gmem1|       pointer|
|m_axi_gmem1_WLAST        |  out|    1|       m_axi|         gmem1|       pointer|
|m_axi_gmem1_WID          |  out|    1|       m_axi|         gmem1|       pointer|
|m_axi_gmem1_WUSER        |  out|    1|       m_axi|         gmem1|       pointer|
|m_axi_gmem1_ARVALID      |  out|    1|       m_axi|         gmem1|       pointer|
|m_axi_gmem1_ARREADY      |   in|    1|       m_axi|         gmem1|       pointer|
|m_axi_gmem1_ARADDR       |  out|   64|       m_axi|         gmem1|       pointer|
|m_axi_gmem1_ARID         |  out|    1|       m_axi|         gmem1|       pointer|
|m_axi_gmem1_ARLEN        |  out|    8|       m_axi|         gmem1|       pointer|
|m_axi_gmem1_ARSIZE       |  out|    3|       m_axi|         gmem1|       pointer|
|m_axi_gmem1_ARBURST      |  out|    2|       m_axi|         gmem1|       pointer|
|m_axi_gmem1_ARLOCK       |  out|    2|       m_axi|         gmem1|       pointer|
|m_axi_gmem1_ARCACHE      |  out|    4|       m_axi|         gmem1|       pointer|
|m_axi_gmem1_ARPROT       |  out|    3|       m_axi|         gmem1|       pointer|
|m_axi_gmem1_ARQOS        |  out|    4|       m_axi|         gmem1|       pointer|
|m_axi_gmem1_ARREGION     |  out|    4|       m_axi|         gmem1|       pointer|
|m_axi_gmem1_ARUSER       |  out|    1|       m_axi|         gmem1|       pointer|
|m_axi_gmem1_RVALID       |   in|    1|       m_axi|         gmem1|       pointer|
|m_axi_gmem1_RREADY       |  out|    1|       m_axi|         gmem1|       pointer|
|m_axi_gmem1_RDATA        |   in|   32|       m_axi|         gmem1|       pointer|
|m_axi_gmem1_RLAST        |   in|    1|       m_axi|         gmem1|       pointer|
|m_axi_gmem1_RID          |   in|    1|       m_axi|         gmem1|       pointer|
|m_axi_gmem1_RUSER        |   in|    1|       m_axi|         gmem1|       pointer|
|m_axi_gmem1_RRESP        |   in|    2|       m_axi|         gmem1|       pointer|
|m_axi_gmem1_BVALID       |   in|    1|       m_axi|         gmem1|       pointer|
|m_axi_gmem1_BREADY       |  out|    1|       m_axi|         gmem1|       pointer|
|m_axi_gmem1_BRESP        |   in|    2|       m_axi|         gmem1|       pointer|
|m_axi_gmem1_BID          |   in|    1|       m_axi|         gmem1|       pointer|
|m_axi_gmem1_BUSER        |   in|    1|       m_axi|         gmem1|       pointer|
|m_axi_gmem2_AWVALID      |  out|    1|       m_axi|         gmem2|       pointer|
|m_axi_gmem2_AWREADY      |   in|    1|       m_axi|         gmem2|       pointer|
|m_axi_gmem2_AWADDR       |  out|   64|       m_axi|         gmem2|       pointer|
|m_axi_gmem2_AWID         |  out|    1|       m_axi|         gmem2|       pointer|
|m_axi_gmem2_AWLEN        |  out|    8|       m_axi|         gmem2|       pointer|
|m_axi_gmem2_AWSIZE       |  out|    3|       m_axi|         gmem2|       pointer|
|m_axi_gmem2_AWBURST      |  out|    2|       m_axi|         gmem2|       pointer|
|m_axi_gmem2_AWLOCK       |  out|    2|       m_axi|         gmem2|       pointer|
|m_axi_gmem2_AWCACHE      |  out|    4|       m_axi|         gmem2|       pointer|
|m_axi_gmem2_AWPROT       |  out|    3|       m_axi|         gmem2|       pointer|
|m_axi_gmem2_AWQOS        |  out|    4|       m_axi|         gmem2|       pointer|
|m_axi_gmem2_AWREGION     |  out|    4|       m_axi|         gmem2|       pointer|
|m_axi_gmem2_AWUSER       |  out|    1|       m_axi|         gmem2|       pointer|
|m_axi_gmem2_WVALID       |  out|    1|       m_axi|         gmem2|       pointer|
|m_axi_gmem2_WREADY       |   in|    1|       m_axi|         gmem2|       pointer|
|m_axi_gmem2_WDATA        |  out|   32|       m_axi|         gmem2|       pointer|
|m_axi_gmem2_WSTRB        |  out|    4|       m_axi|         gmem2|       pointer|
|m_axi_gmem2_WLAST        |  out|    1|       m_axi|         gmem2|       pointer|
|m_axi_gmem2_WID          |  out|    1|       m_axi|         gmem2|       pointer|
|m_axi_gmem2_WUSER        |  out|    1|       m_axi|         gmem2|       pointer|
|m_axi_gmem2_ARVALID      |  out|    1|       m_axi|         gmem2|       pointer|
|m_axi_gmem2_ARREADY      |   in|    1|       m_axi|         gmem2|       pointer|
|m_axi_gmem2_ARADDR       |  out|   64|       m_axi|         gmem2|       pointer|
|m_axi_gmem2_ARID         |  out|    1|       m_axi|         gmem2|       pointer|
|m_axi_gmem2_ARLEN        |  out|    8|       m_axi|         gmem2|       pointer|
|m_axi_gmem2_ARSIZE       |  out|    3|       m_axi|         gmem2|       pointer|
|m_axi_gmem2_ARBURST      |  out|    2|       m_axi|         gmem2|       pointer|
|m_axi_gmem2_ARLOCK       |  out|    2|       m_axi|         gmem2|       pointer|
|m_axi_gmem2_ARCACHE      |  out|    4|       m_axi|         gmem2|       pointer|
|m_axi_gmem2_ARPROT       |  out|    3|       m_axi|         gmem2|       pointer|
|m_axi_gmem2_ARQOS        |  out|    4|       m_axi|         gmem2|       pointer|
|m_axi_gmem2_ARREGION     |  out|    4|       m_axi|         gmem2|       pointer|
|m_axi_gmem2_ARUSER       |  out|    1|       m_axi|         gmem2|       pointer|
|m_axi_gmem2_RVALID       |   in|    1|       m_axi|         gmem2|       pointer|
|m_axi_gmem2_RREADY       |  out|    1|       m_axi|         gmem2|       pointer|
|m_axi_gmem2_RDATA        |   in|   32|       m_axi|         gmem2|       pointer|
|m_axi_gmem2_RLAST        |   in|    1|       m_axi|         gmem2|       pointer|
|m_axi_gmem2_RID          |   in|    1|       m_axi|         gmem2|       pointer|
|m_axi_gmem2_RUSER        |   in|    1|       m_axi|         gmem2|       pointer|
|m_axi_gmem2_RRESP        |   in|    2|       m_axi|         gmem2|       pointer|
|m_axi_gmem2_BVALID       |   in|    1|       m_axi|         gmem2|       pointer|
|m_axi_gmem2_BREADY       |  out|    1|       m_axi|         gmem2|       pointer|
|m_axi_gmem2_BRESP        |   in|    2|       m_axi|         gmem2|       pointer|
|m_axi_gmem2_BID          |   in|    1|       m_axi|         gmem2|       pointer|
|m_axi_gmem2_BUSER        |   in|    1|       m_axi|         gmem2|       pointer|
+-------------------------+-----+-----+------------+--------------+--------------+

