
*** Running vivado
    with args -log gemm_axi_mem_intercon_imp_auto_us_0.vds -m64 -product Vivado -mode batch -messageDb vivado.pb -notrace -source gemm_axi_mem_intercon_imp_auto_us_0.tcl


****** Vivado v2024.2 (64-bit)
  **** SW Build 5239630 on Fri Nov 08 22:34:34 MST 2024
  **** IP Build 5239520 on Sun Nov 10 16:12:51 MST 2024
  **** SharedData Build 5239561 on Fri Nov 08 14:39:27 MST 2024
  **** Start of session at: Wed Dec 25 19:07:30 2024
    ** Copyright 1986-2022 Xilinx, Inc. All Rights Reserved.
    ** Copyright 2022-2024 Advanced Micro Devices, Inc. All Rights Reserved.

source gemm_axi_mem_intercon_imp_auto_us_0.tcl -notrace
INFO: [IP_Flow 19-234] Refreshing IP repositories
INFO: [IP_Flow 19-1700] Loaded user IP repository '/home/darshith/hls/gemm/gemm_vitis'.
INFO: [IP_Flow 19-2313] Loaded Vivado IP repository '/home/darshith/Xilinx/Vivado/2024.2/data/ip'.
INFO: [IP_Flow 19-6924] IPCACHE: Running cache check for IP inst: gemm_axi_mem_intercon_imp_auto_us_0
INFO: [IP_Flow 19-6922] IPCACHE: Exporting cached entry 84c7b2dee73ac1e0 to dir: /home/darshith/hls/gemm/gemm_vivado/gemm_vivado.runs/gemm_axi_mem_intercon_imp_auto_us_0_synth_1
INFO: [IP_Flow 19-6928] IPCACHE: copied cached file /home/darshith/hls/gemm/gemm_vivado/gemm_vivado.cache/ip/2024.2/8/4/84c7b2dee73ac1e0/gemm_axi_mem_intercon_1_imp_auto_us_0_stub.vhdl to /home/darshith/hls/gemm/gemm_vivado/gemm_vivado.runs/gemm_axi_mem_intercon_imp_auto_us_0_synth_1/gemm_axi_mem_intercon_imp_auto_us_0_stub.vhdl.
INFO: [IP_Flow 19-6928] IPCACHE: copied cached file /home/darshith/hls/gemm/gemm_vivado/gemm_vivado.cache/ip/2024.2/8/4/84c7b2dee73ac1e0/gemm_axi_mem_intercon_1_imp_auto_us_0_sim_netlist.vhdl to /home/darshith/hls/gemm/gemm_vivado/gemm_vivado.runs/gemm_axi_mem_intercon_imp_auto_us_0_synth_1/gemm_axi_mem_intercon_imp_auto_us_0_sim_netlist.vhdl.
INFO: [IP_Flow 19-6928] IPCACHE: copied cached file /home/darshith/hls/gemm/gemm_vivado/gemm_vivado.cache/ip/2024.2/8/4/84c7b2dee73ac1e0/gemm_axi_mem_intercon_1_imp_auto_us_0.dcp to /home/darshith/hls/gemm/gemm_vivado/gemm_vivado.runs/gemm_axi_mem_intercon_imp_auto_us_0_synth_1/gemm_axi_mem_intercon_imp_auto_us_0.dcp.
INFO: [IP_Flow 19-6928] IPCACHE: copied cached file /home/darshith/hls/gemm/gemm_vivado/gemm_vivado.cache/ip/2024.2/8/4/84c7b2dee73ac1e0/gemm_axi_mem_intercon_1_imp_auto_us_0_sim_netlist.v to /home/darshith/hls/gemm/gemm_vivado/gemm_vivado.runs/gemm_axi_mem_intercon_imp_auto_us_0_synth_1/gemm_axi_mem_intercon_imp_auto_us_0_sim_netlist.v.
INFO: [IP_Flow 19-6928] IPCACHE: copied cached file /home/darshith/hls/gemm/gemm_vivado/gemm_vivado.cache/ip/2024.2/8/4/84c7b2dee73ac1e0/gemm_axi_mem_intercon_1_imp_auto_us_0_stub.v to /home/darshith/hls/gemm/gemm_vivado/gemm_vivado.runs/gemm_axi_mem_intercon_imp_auto_us_0_synth_1/gemm_axi_mem_intercon_imp_auto_us_0_stub.v.
INFO: [IP_Flow 19-4838] Using cached IP synthesis design for IP gemm_axi_mem_intercon_imp_auto_us_0, cache-ID = 84c7b2dee73ac1e0.
INFO: [Common 17-206] Exiting Vivado at Wed Dec 25 19:07:40 2024...
