

================================================================
== Vitis HLS Report for 'gemm_kernel_Pipeline_WRITE_RESULT_VITIS_LOOP_70_4'
================================================================
* Date:           Wed Dec 25 16:20:52 2024

* Version:        2024.2 (Build 5238294 on Nov  8 2024)
* Project:        gemm_vitis
* Solution:       hls (Vivado IP Flow Target)
* Product family: zynq
* Target device:  xc7z020-clg400-1


================================================================
== Performance Estimates
================================================================
+ Timing: 
    * Summary: 
    +--------+----------+----------+------------+
    |  Clock |  Target  | Estimated| Uncertainty|
    +--------+----------+----------+------------+
    |ap_clk  |  10.00 ns|  7.300 ns|     2.70 ns|
    +--------+----------+----------+------------+

+ Latency: 
    * Summary: 
    +---------+---------+----------+----------+-----+-----+------------------------------------------------+
    |  Latency (cycles) |  Latency (absolute) |  Interval |                    Pipeline                    |
    |   min   |   max   |    min   |    max   | min | max |                      Type                      |
    +---------+---------+----------+----------+-----+-----+------------------------------------------------+
    |      266|      266|  2.660 us|  2.660 us|  257|  257|  loop auto-rewind stp (delay=0 clock cycles(s))|
    +---------+---------+----------+----------+-----+-----+------------------------------------------------+

    + Detail: 
        * Instance: 
        N/A

        * Loop: 
        +--------------------------------+---------+---------+----------+-----------+-----------+------+----------+
        |                                |  Latency (cycles) | Iteration|  Initiation Interval  | Trip |          |
        |            Loop Name           |   min   |   max   |  Latency |  achieved |   target  | Count| Pipelined|
        +--------------------------------+---------+---------+----------+-----------+-----------+------+----------+
        |- WRITE_RESULT_VITIS_LOOP_70_4  |      264|      264|        10|          1|          1|   256|       yes|
        +--------------------------------+---------+---------+----------+-----------+-----------+------+----------+



================================================================
== Utilization Estimates
================================================================
* Summary: 
+-----------------+---------+-----+--------+-------+-----+
|       Name      | BRAM_18K| DSP |   FF   |  LUT  | URAM|
+-----------------+---------+-----+--------+-------+-----+
|DSP              |        -|    -|       -|      -|    -|
|Expression       |        -|    -|       0|    257|    -|
|FIFO             |        -|    -|       -|      -|    -|
|Instance         |        -|    -|       -|      -|    -|
|Memory           |        -|    -|       -|      -|    -|
|Multiplexer      |        -|    -|       0|     81|    -|
|Register         |        -|    -|     219|     32|    -|
+-----------------+---------+-----+--------+-------+-----+
|Total            |        0|    0|     219|    370|    0|
+-----------------+---------+-----+--------+-------+-----+
|Available        |      280|  220|  106400|  53200|    0|
+-----------------+---------+-----+--------+-------+-----+
|Utilization (%)  |        0|    0|      ~0|     ~0|    0|
+-----------------+---------+-----+--------+-------+-----+

+ Detail: 
    * Instance: 
    N/A

    * DSP: 
    N/A

    * Memory: 
    N/A

    * FIFO: 
    N/A

    * Expression: 
    +----------------------------------------+----------+----+---+----+------------+------------+
    |              Variable Name             | Operation| DSP| FF| LUT| Bitwidth P0| Bitwidth P1|
    +----------------------------------------+----------+----+---+----+------------+------------+
    |add_ln69_1_fu_171_p2                    |         +|   0|  0|  14|           9|           1|
    |add_ln69_fu_188_p2                      |         +|   0|  0|  13|           5|           1|
    |add_ln70_fu_226_p2                      |         +|   0|  0|  13|           5|           1|
    |add_ln74_fu_300_p2                      |         +|   0|  0|  15|           8|           8|
    |empty_25_fu_265_p2                      |         +|   0|  0|  64|          64|          64|
    |tmp1_fu_260_p2                          |         +|   0|  0|  64|          64|          64|
    |ap_block_pp0_stage0_01001_grp1          |       and|   0|  0|   2|           1|           1|
    |ap_block_state10_pp0_stage0_iter9_grp1  |       and|   0|  0|   2|           1|           1|
    |ap_block_state4_io_grp1                 |       and|   0|  0|   2|           1|           1|
    |first_iter_3_fu_220_p2                  |      icmp|   0|  0|  13|           5|           1|
    |icmp_ln69_fu_165_p2                     |      icmp|   0|  0|  13|           9|          10|
    |icmp_ln70_1_fu_232_p2                   |      icmp|   0|  0|  14|           5|           6|
    |icmp_ln70_fu_194_p2                     |      icmp|   0|  0|  14|           5|           6|
    |ap_block_pp0_stage0_11001               |        or|   0|  0|   2|           1|           1|
    |select_ln69_1_fu_208_p3                 |    select|   0|  0|   5|           1|           5|
    |select_ln69_fu_200_p3                   |    select|   0|  0|   5|           1|           1|
    |ap_enable_pp0                           |       xor|   0|  0|   2|           1|           2|
    +----------------------------------------+----------+----+---+----+------------+------------+
    |Total                                   |          |   0|  0| 257|         186|         174|
    +----------------------------------------+----------+----+---+----+------------+------------+

    * Multiplexer: 
    +----------------------------------------+----+-----------+-----+-----------+
    |                  Name                  | LUT| Input Size| Bits| Total Bits|
    +----------------------------------------+----+-----------+-----+-----------+
    |ap_done_int                             |   9|          2|    1|          2|
    |ap_enable_reg_pp0_iter1                 |   9|          2|    1|          2|
    |ap_sig_allocacmp_indvar_flatten20_load  |   9|          2|    9|         18|
    |gmem2_blk_n_AW                          |   9|          2|    1|          2|
    |gmem2_blk_n_B                           |   9|          2|    1|          2|
    |gmem2_blk_n_W                           |   9|          2|    1|          2|
    |i_fu_88                                 |   9|          2|    5|         10|
    |indvar_flatten20_fu_92                  |   9|          2|    9|         18|
    |j_fu_84                                 |   9|          2|    5|         10|
    +----------------------------------------+----+-----------+-----+-----------+
    |Total                                   |  81|         18|   33|         66|
    +----------------------------------------+----+-----------+-----+-----------+

    * Register: 
    +------------------------------------+----+----+-----+-----------+
    |                Name                | FF | LUT| Bits| Const Bits|
    +------------------------------------+----+----+-----+-----------+
    |C_block_load_reg_385                |  32|   0|   32|          0|
    |ap_CS_fsm                           |   1|   0|    1|          0|
    |ap_done_reg                         |   1|   0|    1|          0|
    |ap_enable_reg_pp0_iter1             |   1|   0|    1|          0|
    |ap_enable_reg_pp0_iter2             |   1|   0|    1|          0|
    |ap_enable_reg_pp0_iter3             |   1|   0|    1|          0|
    |ap_enable_reg_pp0_iter4             |   1|   0|    1|          0|
    |ap_enable_reg_pp0_iter5             |   1|   0|    1|          0|
    |ap_enable_reg_pp0_iter6             |   1|   0|    1|          0|
    |ap_enable_reg_pp0_iter7             |   1|   0|    1|          0|
    |ap_enable_reg_pp0_iter8             |   1|   0|    1|          0|
    |ap_enable_reg_pp0_iter9             |   1|   0|    1|          0|
    |ap_loop_exit_ready_pp0_iter1_reg    |   1|   0|    1|          0|
    |ap_loop_exit_ready_pp0_iter2_reg    |   1|   0|    1|          0|
    |ap_loop_exit_ready_pp0_iter3_reg    |   1|   0|    1|          0|
    |ap_loop_exit_ready_pp0_iter4_reg    |   1|   0|    1|          0|
    |ap_loop_exit_ready_pp0_iter5_reg    |   1|   0|    1|          0|
    |ap_loop_exit_ready_pp0_iter6_reg    |   1|   0|    1|          0|
    |ap_loop_exit_ready_pp0_iter7_reg    |   1|   0|    1|          0|
    |ap_loop_exit_ready_pp0_iter8_reg    |   1|   0|    1|          0|
    |empty_24_reg_360                    |   4|   0|    4|          0|
    |first_iter_3_reg_366                |   1|   0|    1|          0|
    |first_iter_3_reg_366_pp0_iter2_reg  |   1|   0|    1|          0|
    |gmem2_addr_reg_374                  |  64|   0|   64|          0|
    |i_fu_88                             |   5|   0|    5|          0|
    |icmp_ln70_1_reg_370                 |   1|   0|    1|          0|
    |indvar_flatten20_fu_92              |   9|   0|    9|          0|
    |j_fu_84                             |   5|   0|    5|          0|
    |select_ln69_reg_355                 |   5|   0|    5|          0|
    |zext_ln35_cast_reg_346              |   9|   0|   64|         55|
    |icmp_ln70_1_reg_370                 |  64|  32|    1|          0|
    +------------------------------------+----+----+-----+-----------+
    |Total                               | 219|  32|  211|         55|
    +------------------------------------+----+----+-----+-----------+



================================================================
== Interface
================================================================
* Summary: 
+------------------------+-----+-----+------------+---------------------------------------------------+--------------+
|        RTL Ports       | Dir | Bits|  Protocol  |                   Source Object                   |    C Type    |
+------------------------+-----+-----+------------+---------------------------------------------------+--------------+
|ap_clk                  |   in|    1|  ap_ctrl_hs|  gemm_kernel_Pipeline_WRITE_RESULT_VITIS_LOOP_70_4|  return value|
|ap_rst                  |   in|    1|  ap_ctrl_hs|  gemm_kernel_Pipeline_WRITE_RESULT_VITIS_LOOP_70_4|  return value|
|ap_start                |   in|    1|  ap_ctrl_hs|  gemm_kernel_Pipeline_WRITE_RESULT_VITIS_LOOP_70_4|  return value|
|ap_done                 |  out|    1|  ap_ctrl_hs|  gemm_kernel_Pipeline_WRITE_RESULT_VITIS_LOOP_70_4|  return value|
|ap_idle                 |  out|    1|  ap_ctrl_hs|  gemm_kernel_Pipeline_WRITE_RESULT_VITIS_LOOP_70_4|  return value|
|ap_ready                |  out|    1|  ap_ctrl_hs|  gemm_kernel_Pipeline_WRITE_RESULT_VITIS_LOOP_70_4|  return value|
|m_axi_gmem2_0_AWVALID   |  out|    1|       m_axi|                                              gmem2|       pointer|
|m_axi_gmem2_0_AWREADY   |   in|    1|       m_axi|                                              gmem2|       pointer|
|m_axi_gmem2_0_AWADDR    |  out|   64|       m_axi|                                              gmem2|       pointer|
|m_axi_gmem2_0_AWID      |  out|    1|       m_axi|                                              gmem2|       pointer|
|m_axi_gmem2_0_AWLEN     |  out|   32|       m_axi|                                              gmem2|       pointer|
|m_axi_gmem2_0_AWSIZE    |  out|    3|       m_axi|                                              gmem2|       pointer|
|m_axi_gmem2_0_AWBURST   |  out|    2|       m_axi|                                              gmem2|       pointer|
|m_axi_gmem2_0_AWLOCK    |  out|    2|       m_axi|                                              gmem2|       pointer|
|m_axi_gmem2_0_AWCACHE   |  out|    4|       m_axi|                                              gmem2|       pointer|
|m_axi_gmem2_0_AWPROT    |  out|    3|       m_axi|                                              gmem2|       pointer|
|m_axi_gmem2_0_AWQOS     |  out|    4|       m_axi|                                              gmem2|       pointer|
|m_axi_gmem2_0_AWREGION  |  out|    4|       m_axi|                                              gmem2|       pointer|
|m_axi_gmem2_0_AWUSER    |  out|    1|       m_axi|                                              gmem2|       pointer|
|m_axi_gmem2_0_WVALID    |  out|    1|       m_axi|                                              gmem2|       pointer|
|m_axi_gmem2_0_WREADY    |   in|    1|       m_axi|                                              gmem2|       pointer|
|m_axi_gmem2_0_WDATA     |  out|   32|       m_axi|                                              gmem2|       pointer|
|m_axi_gmem2_0_WSTRB     |  out|    4|       m_axi|                                              gmem2|       pointer|
|m_axi_gmem2_0_WLAST     |  out|    1|       m_axi|                                              gmem2|       pointer|
|m_axi_gmem2_0_WID       |  out|    1|       m_axi|                                              gmem2|       pointer|
|m_axi_gmem2_0_WUSER     |  out|    1|       m_axi|                                              gmem2|       pointer|
|m_axi_gmem2_0_ARVALID   |  out|    1|       m_axi|                                              gmem2|       pointer|
|m_axi_gmem2_0_ARREADY   |   in|    1|       m_axi|                                              gmem2|       pointer|
|m_axi_gmem2_0_ARADDR    |  out|   64|       m_axi|                                              gmem2|       pointer|
|m_axi_gmem2_0_ARID      |  out|    1|       m_axi|                                              gmem2|       pointer|
|m_axi_gmem2_0_ARLEN     |  out|   32|       m_axi|                                              gmem2|       pointer|
|m_axi_gmem2_0_ARSIZE    |  out|    3|       m_axi|                                              gmem2|       pointer|
|m_axi_gmem2_0_ARBURST   |  out|    2|       m_axi|                                              gmem2|       pointer|
|m_axi_gmem2_0_ARLOCK    |  out|    2|       m_axi|                                              gmem2|       pointer|
|m_axi_gmem2_0_ARCACHE   |  out|    4|       m_axi|                                              gmem2|       pointer|
|m_axi_gmem2_0_ARPROT    |  out|    3|       m_axi|                                              gmem2|       pointer|
|m_axi_gmem2_0_ARQOS     |  out|    4|       m_axi|                                              gmem2|       pointer|
|m_axi_gmem2_0_ARREGION  |  out|    4|       m_axi|                                              gmem2|       pointer|
|m_axi_gmem2_0_ARUSER    |  out|    1|       m_axi|                                              gmem2|       pointer|
|m_axi_gmem2_0_RVALID    |   in|    1|       m_axi|                                              gmem2|       pointer|
|m_axi_gmem2_0_RREADY    |  out|    1|       m_axi|                                              gmem2|       pointer|
|m_axi_gmem2_0_RDATA     |   in|   32|       m_axi|                                              gmem2|       pointer|
|m_axi_gmem2_0_RLAST     |   in|    1|       m_axi|                                              gmem2|       pointer|
|m_axi_gmem2_0_RID       |   in|    1|       m_axi|                                              gmem2|       pointer|
|m_axi_gmem2_0_RFIFONUM  |   in|    9|       m_axi|                                              gmem2|       pointer|
|m_axi_gmem2_0_RUSER     |   in|    1|       m_axi|                                              gmem2|       pointer|
|m_axi_gmem2_0_RRESP     |   in|    2|       m_axi|                                              gmem2|       pointer|
|m_axi_gmem2_0_BVALID    |   in|    1|       m_axi|                                              gmem2|       pointer|
|m_axi_gmem2_0_BREADY    |  out|    1|       m_axi|                                              gmem2|       pointer|
|m_axi_gmem2_0_BRESP     |   in|    2|       m_axi|                                              gmem2|       pointer|
|m_axi_gmem2_0_BID       |   in|    1|       m_axi|                                              gmem2|       pointer|
|m_axi_gmem2_0_BUSER     |   in|    1|       m_axi|                                              gmem2|       pointer|
|C_block_address0        |  out|    8|   ap_memory|                                            C_block|         array|
|C_block_ce0             |  out|    1|   ap_memory|                                            C_block|         array|
|C_block_q0              |   in|   32|   ap_memory|                                            C_block|         array|
|empty                   |   in|    3|     ap_none|                                              empty|        scalar|
|C                       |   in|   64|     ap_none|                                                  C|        scalar|
|zext_ln35               |   in|    9|     ap_none|                                          zext_ln35|        scalar|
+------------------------+-----+-----+------------+---------------------------------------------------+--------------+

